5C41C9FC0074C0FC13000000000000000000000000000000000000002F06
5C41C9340100BDC0340100F506
5C0002900092C0901027029502FF03FF03FF03FF03FF03FF03F206
5C0002A0020000A006
5C00025502025E0906
5C41C97300FBC07309FD0401000026E72B0FA706
5C41C9ED006
5C0ED1822000000E704000024000000EF040000FFFFFFFFFFFFFFFF3B06
5C41C9B7003FC0B718000000000000000000000000000002006B0100000000B101B706
5C41C9F2007AC0F2230000FFFF000000006E002D010000000000000000B0044C0E1000005000000000000000E506
5C41C9F10079C0F1284D01AF01F1016B013101860131015F0022015F002201050000800080800100000A004919410A00007306
5C41C9A00200002A06
5C41C9F7007FC0F7205000640014003001000022010000B500000000000000000000000000000000009006
5C41C9FC0074C0FC13000000000000000000000000000000000000002F06
5C41C9340100BDC0340100F506
5C0002900092C0901027029502FF03FF03FF03FF03FF03FF03F206
5C0002A0020000A006
5C00025502025E0906
5C41C97300FBC07309FD0401000026E72B0FA706
5C41C9ED006
5C0ED1822000000E704000024000000EF040000FFFFFFFFFFFFFFFF3B06
5C41C9B7003FC0B718000000000000000000000000000002006C0100000000B101B006
5C41C9F2007AC0F2230000FFFF000000006E002D010000000000000000B0044C0E1000005000000000000000E506
5C41C9F10079C0F1284D01AF01F1016B013101860131015F0022015F002201050000800080800100000A004919410A00007306
5C41C9A00200002A06
5C41C9F7007FC0F7205000640014003001000022010000B500000000000000000000000000000000009006
5C41C9FC0074C0FC13000000000000000000000000000000000000002F06
5C41C9340100BDC0340100F506
5C0002900092C0901027029502FF03FF03FF03FF03FF03FF03F206
5C0002A0020000A006
5C00025502025E0906
5C41C97300FBC07309FD0401000026E72B0FA706
5C41C9ED006
5C0ED1822000000E704000024000000EF040000FFFFFFFFFFFFFFFF3B06
5C41C9B7003FC0B718000000000000000000000000000002006C0100000000B101B006
5C41C9F2007AC0F2230000FFFF000000006E002D010000000000000000B0044C0E1000005000000000000000E506
5C41C9F10079C0F1284D01AF01F1016B013101860131015F0022015F002201050000800080800100000A004919410A00007306
5C41C9A00200002A06
5C41C9F7007FC0F7205000640014003001000022010000B500000000000000000000000000000000009006
5C41C9FC0074C0FC13000000000000000000000000000000000000002F06
5C41C9340100BDC0340100F506
5C0002900092C0901027029502FF03FF03FF03FF03FF03FF03F206
5C0002A0020000A006
5C0002550202752206
5C41C97300FBC07309FD0401000026E72B0FA706
5C41C9ED006
5C0ED1822000000E704000024000000EF040000FFFFFFFFFFFFFFFF3B06
5C41C9B7003FC0B718000000000000000000000000000002006C0100000000B101B006
5C41C9F2007AC0F2230000FFFF000000006E002D010000000000000000B0044C0E1000005000000000000000E506
5C41C9F10079C0F1284D01AF01F1016B013101860131015F0022015F002201050000800080800100000A004919410A00007306
5C41C9A00200002A06
5C41C9F7007FC0F7205000640014003101000022010000B500000000000000000000000000000000009106
5C41C9FC0074C0FC13000000000000000000000000000000000000002F06
5C41C9340100BDC0340100F506
5C0002900092C0901027029502FF03FF03FF03FF03FF03FF03F206
5C0002A0020000A006
5C00025502025E0906
5C41C97300FBC07309FD0401000026E72B0FA706
5C41C9ED006
5C0ED1822000000E704000024000000EF040000FFFFFFFFFFFFFFFF3B06
5C41C9B7003FC0B718000000000000000000000000000002006C0100000000B101B006
5C41C9F2007AC0F2230000FFFF000000006E002D010000000000000000B0044C0E1000005000000000000000E506
5C41C9F10079C0F1284D01AF01F1016B013101860131015F0022015F002201050000800080800100000A004919410A00007306
5C41C9A00200002A06
5C41C9F7007FC0F7205000640014003101000022010000B500000000000000000000000000000000009106
5C41C9FC0074C0FC13000000000000000000000000000000000000002F06
5C41C9340100BDC0340100F506
5C0002900092C0901027029502FF03FF03FF03FF03FF03FF03F206
5C0002A0020000A006
5C0002550202752206
5C41C97300FBC07309FD0401000026E72B0FA706
5C41C9ED006
5C0ED1822000000E704000024000000EF040000FFFFFFFFFFFFFFFF3B06
5C41C9B7003FC0B718000000000000000000000000000002006B0100000000B101B706
5C41C9F2007AC0F2230000FFFF000000006E002D010000000000000000B0044C0E1000005000000000000000E506
5C41C9F10079C0F1284D01AF01F1016B013101860131015F0022015F002201050000800080800100000A004919410A00007306
5C41C9A00200002A06
5C41C9F7007FC0F7205000640014003101000022010000B500000000000000000000000000000000009106
5C41C9FC0074C0FC13000000000000000000000000000000000000002F06
5C41C9340100BDC0340100F506
5C0002900092C0901027029502FF03FF03FF03FF03FF03FF03F206
5C0002A0020000A006
5C0002550202752206
5C41C97300FBC07309FD0401000026E72B0FA706
5C41C9ED006
5C0ED1822000000E704000024000000EF040000FFFFFFFFFFFFFFFF3B06
5C41C9B7003FC0B718000000000000000000000000000002006B0100000000B001B606
5C41C9F2007AC0F2230000FFFF000000006E002D010000000000000000B0044C0E1000005000000000000000E506
5C41C9F10079C0F1284D01AF01F1016B013101860131015F0022015F002201050000800080800100000A004919410A00007306
5C41C9A00200002A06
5C41C9F7007FC0F7205000640014003101000022010000B500000000000000000000000000000000009106
5C41C9FC0074C0FC13000000000000000000000000000000000000002F06
5C41C9340100BDC0340100F506
5C0002900092C0901027029502FF03FF03FF03FF03FF03FF03F206
5C0002A0020000A006
5C00025502025E0906
5C41C97300FBC07309FD0401000026E72B0FA706
5C41C9ED006
5C0ED1822000000E704000024000000EF040000FFFFFFFFFFFFFFFF3B06
5C41C9B7003FC0B718000000000000000000000000000002006B0100000000B101B706
5C41C9F2007AC0F2230000FFFF000000006E002D010000000000000000B0044C0E1000005000000000000000E506
5C41C9F10079C0F1284D01AF01F0016B013101860131015F0022015F002201050000800080800100000A004919410A00007206
5C41C9A00200002A06
5C41C9F7007FC0F7205000640014003101000022010000B500000000000000000000000000000000009106
5C41C9FC0074C0FC13000000000000000000000000000000000000002F06
5C41C9340100BDC0340100F506
5C0002900092C0901027029502FF03FF03FF03FF03FF03FF03F206
5C0002A0020000A006
5C00025502025E0906
5C41C97300FBC07309FD0401000026E72B0FA706
5C41C9ED006
5C0ED1822000000E704000024000000EF040000FFFFFFFFFFFFFFFF3B06
5C41C9B7003FC0B718000000000000000000000000000002006C0100000000B101B006
5C41C9F2007AC0F2230000FFFF000000006E002D010000000000000000B0044C0E1000005000000000000000E506
5C41C9F10079C0F1284D01AF01F0016B013101860131015F0022015F002201050000800080800100000A004919410A00007206
5C41C9A00200002A06
5C41C9F7007FC0F7205000640014003101000022010000B500000000000000000000000000000000009106
5C41C9FC0074C0FC13000000000000000000000000000000000000002F06
5C41C9340100BDC0340100F506
5C0002900092C0901027029502FF03FF03FF03FF03FF03FF03F206
5C0002A0020000A006
5C00025502025E0906
5C41C97300FBC07309FD0401000026E72B0FA706
5C41C9ED006
5C0ED1822000000E704000024000000EF040000FFFFFFFFFFFFFFFF3B06
5C41C9B7003FC0B718000000000000000000000000000002006C0100000000B101B006
5C41C9F2007AC0F2230000FFFF000000006E002D010000000000000000B0044C0E1000005000000000000000E506
5C41C9F10079C0F1284D01AF01F0016B013101860131015F0022015F002201050000800080800100000A004919410A00007206
5C41C9A00200002A06
5C41C9F7007FC0F7205000640014003101000022010000B500000000000000000000000000000000009106
5C41C9FC0074C0FC13000000000000000000000000000000000000002F06
5C41C9340100BDC0340100F506
5C0002900092C0901027029502FF03FF03FF03FF03FF03FF03F206
5C0002A0020000A006
5C00025502025E0906
5C41C97300FBC07309FD0401000026E72B0FA706
5C41C9ED006
5C0ED1822000000E704000024000000EF040000FFFFFFFFFFFFFFFF3B06
5C41C9B7003FC0B718000000000000000000000000000002006B0100000000B101B706
5C41C9F2007AC0F2230000FFFF000000006E002D010000000000000000B0044C0E1000005000000000000000E506
5C41C9F10079C0F1284D01AF01F1016B013101860131015F0022015F002201050000800080800100000A004919410A00007306
5C41C9A00200002A06
5C41C9F7007FC0F7205000640014003101000022010000B500000000000000000000000000000000009106
5C41C9FC0074C0FC13000000000000000000000000000000000000002F06
5C41C9340100BDC0340100F506
5C0002900092C0901027029502FF03FF03FF03FF03FF03FF03F206
5C0002A0020000A006
5C00025502025E0906
5C41C97300FBC07309FD0401000026E72B0FA706
5C41C9ED006
5C0ED1822000000E704000024000000EF040000FFFFFFFFFFFFFFFF3B06
5C41C9B7003FC0B718000000000000000000000000000002006B0100000000B101B706
5C41C9F2007AC0F2230000FFFF000000006E002D010000000000000000B0044C0E1000005000000000000000E506
5C41C9F10079C0F1284D01AF01F0016B013101860131015F0022015F002201050000800080800100000A004919410A00007206
5C41C9A00200002A06
5C41C9F7007FC0F7205000640014003101000022010000B500000000000000000000000000000000009106
5C41C9FC0074C0FC13000000000000000000000000000000000000002F06
5C41C9340100BDC0340100F506
5C0002900092C0901027029502FF03FF03FF03FF03FF03FF03F206
5C0002A0020000A006
5C00025502025E0906
5C41C97300FBC07309FD0401000026E72B0FA706
5C41C9ED006
5C0ED1822000000E704000024000000EF040000FFFFFFFFFFFFFFFF3B06
5C41C9B7003FC0B718000000000000000000000000000002006B0100000000B101B706
5C41C9F2007AC0F2230000FFFF000000006E002D010000000000000000B0044C0E1000005000000000000000E506
5C41C9F10079C0F1284D01AF01F1016B013101860131015F0022015F002201050000800080800100000A004919410A00007306
5C41C9A00200002A06
5C41C9F7007FC0F7205000640014003101000022010000B500000000000000000000000000000000009106
5C41C9FC0074C0FC13000000000000000000000000000000000000002F06
5C41C9340100BDC0340100F506
5C0002900092C0901027029502FF03FF03FF03FF03FF03FF03F206
5C0002A0020000A006
5C00025502025E0906
5C41C97300FBC07309FD0401000026E72B0FA706
5C41C9ED006
5C0ED1822000000E704000024000000EF040000FFFFFFFFFFFFFFFF3B06
5C41C9B7003FC0B718000000000000000000000000000002006C0100000000B101B006
5C41C9F2007AC0F2230000FFFF000000006E002D010000000000000000B0044C0E1000005000000000000000E506
5C41C9F10079C0F1284D01AF01F0016B013101860131015F0022015F002201050000800080800100000A004919410A00007206
5C41C9A00200002A06
5C41C9F7007FC0F7205000640014003101000022010000B500000000000000000000000000000000009106
5C41C9FC0074C0FC13000000000000000000000000000000000000002F06
5C41C9340100BDC0340100F506
5C0002900092C0901027029502FF03FF03FF03FF03FF03FF03F206
5C00206B004B
5C00206B004B
5C00206B004B
5C002069004906A42D40D206
5C0002A0020000A006
5C0002550202FF06FE06
5C0002550202752206
5C41C97300FBC07309FD0401000026E72B0FA706
5C41C9ED006
5C0ED1822000000E704000024000000EF040000FFFFFFFFFFFFFFFF3B06
5C41C9B7003FC0B718000000000000000000000000000002006C0100000000B101B006
5C41C9F2007AC0F2230000FFFF000000006E002D010000000000000000B0044C0E1000005000000000000000E506
5C41C9F10079C0F1284D01AF01F0016B013101860131015F0022015F002201050000800080800100000A004919410A00007206
5C41C9A00200002A06
5C41C9F7007FC0F7205000640014003101000022010000B500000000000000000000000000000000009106
5C41C9FC0074C0FC13000000000000000000000000000000000000002F06
5C41C9340100BDC0340100F506
5C0002900092C0901027029502FF03FF03FF03FF03FF03FF03F206
5C0002A0020000A006
5C0002550202752206
5C41C97300FBC07309FD0401000026E72B0FA706
5C41C9ED006
5C0ED1822000000E704000024000000EF040000FFFFFFFFFFFFFFFF3B06
5C41C9B7003FC0B718000000000000000000000000000002006C0100000000B101B006
5C41C9F2007AC0F2230000FFFF000000006E002D010000000000000000B0044C0E1000005000000000000000E506
5C41C9F10079C0F1284D01AF01F0016B013101860131015F0022015F002201050000800080800100000A004919410A00007206
5C41C9A00200002A06
5C41C9F7007FC0F7205000640014003101000022010000B500000000000000000000000000000000009106
5C41C9FC0074C0FC13000000000000000000000000000000000000002F06
5C41C9340100BDC0340100F506
5C0002900092C0901027029502FF03FF03FF03FF03FF03FF03F206
5C00206B004B
5C00206B004B
5C00206B004B
5C0020690049
5C0020690049
5C0020690049
5C0002A0020000A006
5C0002550202752206
5C41C97300FBC07309FD0401000026E72B0FA706
5C41C9ED006
5C0ED1822000000E704000024000000EF04FF06FFFFFFFFFFFFFF3B0606
5C41C9B7003FC0B7180000000000000000000006069830C06DC000000000B101B7060606
5C41C9F2007AC0F2230000FFFF000000006E00AD061860C000000000B0044C0E1000005000000000000000E5
5C41C9F2007AC0F2230000FFFF000000006E002D010000000000000000B0044C0E1000005000000000000000E506
5C41C9F10079C0F1284D01AF01F0016B013101860131015F0022015F002201050000800080800100000A004919410A00007206
5C41C9A00200002A06
5C41C9F7007FC0F7205000640014003101000022010000B500000000000000000000000000000000009106
5C41C9FC0074C0FC13000000000000000000000000000000000000002F06
5C41C9340100BDC0340100F506
5C00206E01014E
5C00206E01014E
5C00206E01014E
5C0002900092C0901027029502FF03FF03FF03FF03FF03FF03F206
5C0002A0020000A006
5C0002550202752206
5C41C97300FBC07309FD0401000026E72B0FA706
5C41C9ED006
5C0ED1822000000E704000024000000EF040000FFFFFFFFFFFFFFFF3B06
5C41C9B7003FC0B718000000000000000000000000000002006C0100000000B101B006
5C41C9F2007AC0F2230000FFFF000000006E002D010000000000000000B0044C0E1000005000000000000000E506
5C41C9F10079C0F1284D01AF01F0016B013101860131015F0022015F002201050000800080800100000A004919410A00007206
5C41C9A00200002A06
5C41C9F7007FC0F7205000640014003101000022010000B500000000000000000000000000000000009106
5C41C9FC0074C0FC13000000000000000000000000000000000000002F06
5C41C9340100BDC0340100F506
5C0002900092C0901027029502FF03FF03FF03FF03FF03FF03F206
5C0002A0020000A006
5C0002550202752206
5C41C97300FBC07309FD0401000026E72B0FA706
5C41C9ED006
5C0ED1822000000E704000024000000EF040000FFFFFFFFFFFFFFFF3B06
5C41C9B7003FC0B718000000000000000000000000000002006C0100000000B101B006
5C41C9F2007AC0F2230000FFFF000000006E002D010000000000000000B0044C0E1000005000000000000000E506
5C41C9F10079C0F1284D01AF01F0016B013101860131015F0022015F002201050000800080800100000A004919410A00007206
5C41C9A00200002A06
5C41C9F7007FC0F7205000640014003001000022010000B500000000000000000000000000000000009006
5C41C9FC0074C0FC13000000000000000000000000000000000000002F06
5C41C9340100BDC0340100F506
5C0002900092C0901027029502FF03FF03FF03FF03FF03FF03F206060606
5C0002A0020000A006
5C0002A0020000A006
5C0002550202752206
5C41C97300FBC07309FD0401000026E72B0FA706
5C41C9ED006
5C0ED1822000000E704000024000000EF040000FFFFFFFFFFFFFFFF3B06
5C41C9B7003FC0B718000000000000000000000000000002006C0100000000B101B006
5C41C9F2007AC0F2230000FFFF000000006E002D010000000000000000B0044C0E1000005000000000000000E506
5C41C9F10079C0F1284D01AF01F0016B013101860131015F0022015F002201050000800080800100000A004919410A00007206
5C41C9A00200002A06
5C41C9F7007FC0F7205000640014003001000022010000B500000000000000000000000000000000009006
5C41C9FC0074C0FC13000000000000000000000000000000000000002F06
5C41C9340100BDC0340100F506
5C0002900092C0901027029502FF03FF03FF03FF03FF03FF03F206
5C00206B004B
5C00206B004B
5C00206B004B
5C0020690049
5C0020690049
5C0020690049
5C0002A0020000A006
5C0002550202752206
5C41C97300FBC07309FD0401000026E72B0FA706
5C41C9ED006
5C0ED1822000000E704000024000000EF040000FFFFFFFFFFFFFFFF3B06
5C41C9B7003FC0B718000000000000000000000000000002006C0100000000B101B006
5C41C9F2007AC0F2230000FFFF000000006E002D010000000000000000B0044C0E1000005000000000000000E506
5C41C9F10079C0F1280601F0016B013101860131015F0022015F002201050000800080800100F806D219410A00007206060615
5C41C9F10079C0F1284D01AF01F0016B013101860131015F0022015F002201050000800080800100000A004919410A00007206
5C41C9A00200002A06
5C41C9F7007FC0F7205000640014003001000022010000B500000000000000000000000000000000009006
5C41C9FC0074C0FC13000000000000000000000000000000000000002F06
5C41C9340100BDC0340100F506
5C0002900092C0901027029502FF03FF03FF03FF03FF03FF03F206
5C0002A0020000A006
5C0002550202752206
5C41C97300FBC07309FD0401000026E72B0FA706
5C41C9ED006
5C0ED1822000000E704000024000000EF040000FFFFFFFFFFFFFFFF3B06
5C41C9B7003FC0B718000000000000000000000000000002006C0100000000B101B006
5C41C9F2007AC0F2230000FFFF000000006E002D010000000000000000B0044C0E1000005000000000000000E506
5C41C9F10079C0F1284D01AF01F0016B013101860131015F0022015F002201050000800080800100000A004919410A00007206
5C41C9A00200002A06
5C41C9F7007FC0F7205000640014003001000022010000B500000000000000000000000000000000009006
5C41C9FC0074C0FC13000000000000000000000000000000000000002F06
5C41C9340100BDC0340100F506
5C0002900092C0901027029502FF03FF03FF03FF03FF03FF03F206
5C00206B004B
5C00206B004B
5C00206B004B
5C0020690049
5C0020690049
5C0020690049
5C0002A0020000A006
5C0002550202752206
5C41C97300FBC07309FD0401000026E72B0FA706
5C41C9ED006
5C0ED1822000000E704000024000000EF0400FF06FFFFFFFFFFFF3B06F106
5C41C9B7003FC0B71800000000000000000000000000000206060C306080B101B006
5C41C9B7003FC0B718000000000000000000000000000002006C0100000000B101B006
5C41C9F2007AC0F2230000FFFF000000006E002D010000000000000000B0044C0E1000005000000000000000E506
5C41C9F10079C0F1284D01AF01F0016B013101860131015F0022015F002201050000800080800100000A004919410A00007206
5C41C9A00200002A06
5C41C9F7007FC0F7205000640014003001000022010000B500000000000000000000000000000000009006
5C41C9FC0074C0FC13000000000000000000000000000000000000002F06
5C41C9340100BDC0340100F506
5C0002900092C0901027029502FF03FF03FF03FF03FF03FF03F206
5C0002A0020000A006
5C0002550202752206
5C41C97300FBC07309FD0401000026E72B0FA706
5C41C9ED006
5C0ED1822000000E704000024000000EF040000FFFFFFFFFFFFFFFF3B06
5C41C9B7003FC0B718000000000000000000000000000002006C0100000000B101B006
5C41C9F2007AC0F2230000FFFF000000006E002D010000000000000000B0044C0E1000005000000000000000E506
5C41C9F10079C0F1284D01AF01F0016B013101860131015F0022015F002201050000800080800100000A004919410A00007206
5C41C9A00200002A06
5C41C9F7007FC0F7205000640014003001000022010000B500000000000000000000000000000000009006
5C41C9FC0074C0FC13000000000000000000000000000000000000002F06
5C41C9340100BDC0340100F506
5C0002900092C0901027029502FF03FF03FF03FF03FF03FF03F206
5C00206B004B
5C00206B004B
5C00206B004B
5C0020690049
5C0020690049
5C0020690049
5C0002A0020000A006
5C0002550202752206
5C41C97300FBC07309FD0401000026E72B0FA706
5C41C9ED006
5C0ED1822000000E704000024000000EF040000FFFFFFFFFFFFFFFF3B06
5C41C9B7003FC0B718000000000000000000000000000002006C0100000000B101B006
5C41C9F2007AC0F2230000FFFF000000006E002D010000000000000000B0044C0E1000005000000000000000E506
5C41C9F10079C0F1284D01AF01F0016B013101860131015F0022015F002201050000800080800100000A004919410A00007206
5C41C9A00200002A06
5C41C9F7007FC0F7205000640014003001000022010000B500000000000000000000000000000000009006
5C41C9FC0074C0FC13000000000000000000000000000000000000002F06
5C41C9340100BDC0340100F506
5C00206D0A0125EE56564D20353030D506
5C0002900092C0901027029502FF03FF03FF03FF03FF03FF0606FC06
5C0002A0020000A006
5C00025502027522F60606
5C0002550202752206
5C41C97300FBC07309FD0401000026E72B0FA706
5C41C9ED006
5C0ED1822000000E704000024000000EF040000FFFFFFFFFFFFFFFF3B06
5C41C9B7003FC0B718000000000000000000000000000002006C0100000000B101B006
5C41C9F2007AC0F2230000FFFF000000006E002D010000000000000000B0044C0E1000005000000000000000E506
5C41C9F10079C0F1284D01AF01F0016B013101860131015F0022015F002201050000800080800100000A004919410A00007206
5C41C9A00200002A06
5C41C9F7007FC0F7205000640014003001000022010000B500000000000000000000000000000000009006
5C41C9FC0074C0FC13000000000000000000000000000000000000002F06
5C41C9340100BDC0340100F506
5C0002900092C0901027029502FF03FF03FF03FF03FF03FF03F206
5C00206B004B
5C00206B004B
5C00206B004B
5C0020690049
5C0020690049
5C0020690049
5C0002A0020000A006
5C0002550202005706
5C41C97300FBC07309FD0401000026E72B0FA706
5C41C9ED006
5C0ED1822000000E704000024000000EF040000FFFFFFFFFFFFFFFF3B06
5C41C9B7003FC0B718000000000000000000000000000002006B0100000000B101B706
5C41C9F2007AC0F2230000FFFF000000006E002D010000000000000000B0044C0E1000005000000000000000E506
5C41C9F10079C0F1284D01AF01F0016B013101860131015F0022015F002201050000800080800100000A004919410A00007206
5C41C9A00200002A06
5C41C9F7007FC0F7205080060618B3C0800022010000B50000000000000000000000000000000000900606C506
5C41C9FC0074C0FC130000000000000000000000000000000606ECF9
5C41C9FC0074C0FC13000000000000000000000000000000000000002F06
5C41C9340100BDC0340100F506
5C00206850FFFF0000FFFF0000FFFF0000FFFF0000FFFF0000FFFF0000FFFF0000FFFF0000FFFF0000FFFF0000FFFF0000FFFF0000FFFF0000FFFF0000FFFF0000FFFF0000FFFF0000FFFF0000FFFF0000FFFF000018
5C00206850FFFF0000FFFF0000FFFF0000FFFF0000FFFF0000FFFF0000FFFF0000FFFF0000FFFF0000FFFF0000FFFF0000FFFF0000FFFF0000FFFF0000FFFF0000FFFF0000FFFF0000FFFF0000FFFF0000FFFF000018
5C00206850FFFF0000FFFF0000FFFF0000FFFF0000FFFF0000FFFF0000FFFF0000FFFF0000FFFF0000FFFF0000FFFF0000FFFF0000FFFF0000FFFF0000FFFF0000FFFF0000FFFF0000FFFF0000FFFF0000FFFF000018
5C0002900092C0901027029502FF03FF03FF03FF03FF03FF03F206
5C0002A0020000A006
5C0002550202752206
5C41C97300FBC07309FD0401000026E72B0FA706
5C41C9ED006
5C0ED1822000000E704000024000000EF040000FFFFFFFFFFFFFFFF3B06
5C41C9B7003FC0B718000000000000000000000000000002006B0100000000B101B706
5C41C9F2007AC0F2230000FFFF000000006E002D010000000000000000B0044C0E1000005000000000000000E506
5C41C9F10079C0F1284D01AF01F0016B013101860131015F0022015F002201050000800080800100000A004919410A00007206
5C41C9A00200002A06
5C41C9F7007FC0F7205000640014003001000022010000B500000000000000000000000000000000009006
5C41C9FC0074C0FC13000000000000000000000000000000000000002F06
5C41C9340100BDC0340100F506
5C0002900092C0901027029502FF03FF03FF03FF03FF03FF03F206
5C0002A0020000A006
5C0002550202005706
5C41C97300FBC07309FD0401000026E72B0FA706
5C41C9ED006
5C0ED1822000000E704000024000000EF040000FFFFFFFFFFFFFFFF3B06
5C41C9B7003FC0B718000000000000000000000000000002006B0100000000B101B706
5C41C9F20006FF
5C41C9F10079C0F1284D01AF01F0016B013101860131015F0022015F002201050000800080800100000A004919410A00007206
5C41C9A00200002A06
5C41C9F7007FC0F7205000640014003001000022010000B500000000000000000000000000000000009006
5C41C9FC0074C0FC13000000000000000000000000000000000000002F06
5C41C9340100BDC0340100F506
5C0002900092C0901027029502FF03FF03FF03FF03FF03FF03F206
5C0002A0020000A006
5C0002550202752206
5C41C97300FBC07309FD0401000026E72B0FA706
5C41C9ED006
5C0ED1822000000E7040000F40680EF040000FFFFFFFFFFFFFFFF3B
5C41C9ED006
5C0ED1822000000E704000024000000EF040000FFFFFFFFFFFFFFFF3B06
5C41C9B7003FC0B718000000000000000000000000000002006C0100000000B101B006
5C41C9F2007AC0F2230000FFFF000000006E002D010000000000000000B0044C0E1000005000000000000000E506
5C41C9F10079C0F1284D01AF01F0016B013101860131015F0022015F002201050000800080800100000A004919410A00007206
5C41C9A00200002A06
5C41C9F7007FC0F7205000640014003001000022010000B500000000000000000000000000000000009006
5C41C9FC0074C0FC13000000000000000000000000000000000000002F06
5C41C9340100BDC0340100F506
5C0002900092C0901027029502FF03FF03FF03FF03FF03FF03F206
5C0002A0020000A006
5C0002550202752206
5C41C97300FBC07309FD0401000026E72B0FA706
5C41C9ED006
5C0ED1822000000E704000024000000EF040000FFFFFFFFFFFFFFFF3B06
5C41C9B7003FC0B718000000000000000000000000000002006B0100000000B101B706
5C41C9F2007AC0F2230000FFFF000000006E002D010000000000000000B0044C0E1000005000000000000000E506
5C41C9F10079C0F1284D01AF01F0016B013101860131015F0022015F002201050000800080800100000A004919410A00007206
5C41C9A00200002A06
5C41C9F7007FC0F7205000640014003001000022010000B500000000000000000000000000000000009006
5C41C9FC0074C0FC13000000000000000000000000000000000000002F06
5C41C9340100BDC0340100F506
5C00206850FFFF0000FFFF0000FFFF0000FFFF0000FFFF0000FFFF0000FFFF0000FFFF0000FFFF0000FFFF0000FFFF0000FFFF0000FFFF0000FFFF0000FFFF0000FFFF0000FFFF0000FFFF0000FFFF0000FFFF000018
5C00206850FFFF0000FFFF0000FFFF0000FFFF0000FFFF0000FFFF0000FFFF0000FFFF0000FFFF0000FFFF0000FFFF0000FFFF0000FFFF0000FFFF0000FFFF0000FFFF0000FFFF0000FFFF0000FFFF0000FFFF000018
5C00206850FFFF0000FFFF0000FFFF0000FFFF0000FFFF0000FFFF0000FFFF0000FFFF0000FFFF0000FFFF0000FFFF0000FFFF0000FFFF0000FFFF0000FFFF0000FFFF0000FFFF0000FFFF0000FFFF0000FFFF000018
5C0002900092C0901027029502FF03FF03FF03FF03FF03FF03F206
5C00206B004B
5C00206B004B
5C00206B004B
5C0020690049
5C0020690049
5C0020690049
5C0002A0020000A006
5C0002550202752206
5C41C97300FBC07309FD0401000026E72B0FA706
5C41C9ED006
5C0ED1822000000E704000024000000EF040000FFFFFFFFFFFFFFFF3B06
5C41C9B7003FC0B718000000000000000000000000000002006C0100000000B101B006
5C41C9F2007AC0F2230000FFFF000000006E002D010000000000000000B0044C0E1000005000000000000000E506
5C41C9F10079C0F1284D01AF01EF016B013101860131015F0022015F06B0C18000800080800100000A004919410A00006D
5C41C9F10079C0F1284D01AF01EF016B013101860131015F0022015F002201050000800080800100000A004919410A00006D06
5C41C9A00200002A06
5C41C9F7007FC0F7205000640014003001000022010000B500000000000000000000000000000000009006
5C41C9FC0074C0FC13000000000000000000000000000000000000002F06
5C41C9340100BDC0340100F506
5C00206E01014E06
5C0002900092C0901027029502FF03FF03FF03FF03FF030606061506
5C0002A0020000A006
5C0002550202752206
5C41C97300FBC07309FD0401000026E72B0FA706
5C41C9ED006
5C0ED1822000000E704000024000000EF040000FFFFFFFFFFFFFFFF3B06
5C41C9B7003FC0B718000000000000000000000000000002006C0100000000B101B006
5C41C9F2007AC0F2230000FFFF000000006E002D010000000000000000B0044C0E1000005000000000000000E506
5C41C9F10079C0F1284D01AF01EF016B013101860131015F0022015F002201050000800080800100000A004919410A00006D06
5C41C9A00200002A06
5C41C9F7007FC0F7205000640014003001000022010000B500000000000000000000000000000000009006
5C41C9FC0074C0FC13000000000000000000000000000000000000002F06
5C41C9340100BDC0340100F506
5C0002900092C0901027029502FF03FF03FF03FF03FF03FF03F206
5C0002A0020000A006
5C00025502025E0906
5C41F906
5C41C97300FBC07309FD0401000026E72B0FA706
5C41C9ED006
5C0ED1822000000E704000024000000EF040000FFFFFFFFFFFFFFFF3B06
5C00206B004B
5C00206B004B
5C00206B004B
5C0020690049
5C0020690049
5C0020690049
5C41C9B7003FC0B718000000000000000000000000000002006C0100000000B101B006
5C41C9F2007AC0F2230000FFFF000000006E002D010000000000000000B0044C0E1000005000000000000000E506
5C41C9F10079C0F1284D01AF01EF016B013101860131015F0022015F002201050000800080800100000A004919410A00006D06
5C41C9A00200002A06
5C41C9F7007FC0F7205000640014003001000022010000B500000000000000000000000000000000009006
5C41C9FC0074C0FC13000000000000000000000000000000000000002F06
5C41C9340100BDC0340100F506
5C0002900092C0901027029502FF03FF03FF03FF03FF03FF03F206
5C0002A0020000A006
5C0002550202005706
5C41C97300FBC07309FD0401000026E72B0FA706
5C41C9ED006
5C0ED1822000000E704000024000000EF040000FFFFFFFFFFFFFFFF3B06
5C41C9B7003FC0B718000000000000000000000000000002006C0100000000B101B006
5C41C9F2007AC0F2230000FFFF000000006E002D010000000000000000B0044C0E1000005000000000000000E506
5C41C9F10079C0F1284D01AF01EF016B013101860131015F0022015F002201050000800080800100000A004919410A00006D06
5C41C9A00200002A06
5C41C9F7007FC0F7205000640014003001000022010000B50000000000000000000000000000000000900606
5C41C9FC0074C0FC13000000000000000000000000000000000000002F0606060606
5C41C9FC0074C0FC13000000000000000000000000000000000000002F06
5C41C9340100BDC0340100F506
5C0002900092C0901027029502FF03FF03FF03FF03FF03FF03F206
5C0002A0020000A006
5C00025502025E0906
5C41C97300FBC07309FD0401000026E72B0FA706
5C41C9ED006
5C0ED1822000000E704000024000000EF040000FFFFFFFFFFFFFFFF3B06
5C41C9B7003FC0B718000000000000000000000000000002006C0100000000B101B006
5C41C9F2007AC0F2230000FFFF000000006E002D010000000000000000B0044C0E1000005000000000000000E506
5C41C9F10079C0F1284D01AF01EF016B013101860131015F0022015F002201050000800080800100000A004919410A00006D06
5C41C9A00200002A06
5C41C9F7007FC0F7205000640014003001000022010000B500000000000000000000000000000000009006
5C41C9FC0074C0FC13000000000000000000000000000000000000002F06
5C41C9340100BDC0340100F506
5C0002900092C0901027029502FF03FF03FF03FF03FF03FF03F206
5C0002A0020000A006
5C00025502025E0906
5C41C97300FBC07309FD0401000026E72B0FA706
5C41C9ED006
5C0ED1822000000E704000024000000EF040000FFFFFFFFFFFFFFFF3B06
5C41C9B7003FC0B718000000000000000000000000000002006C0100000000B101B006
5C41C9F2007AC0F2230000FFFF000000006E002D010000000000000000B0044C0E1000005000000000000000E506
5C41C9F10079C0F1284D01AF01EF016B013101860131015F0022015F002201050000800080800100000A004919410A00006D06
5C41C9A00200002A06
5C41C9F7007FC0F7205000640014003001000022010000B500000000000000000000000000000000009006
5C41C9FC0074C0FC13000000000000000000000000000000000000002F06
5C41C9340100BDC0340100F506
5C0002900092C0901027029502FF03FF03FF03FF03FF03FF03F206
5C0002A0020000A006
5C00025502025E0906
5C41C97300FBC07309FD0401000026E72B0FA706
5C41C9ED006
5C0ED1822000000E704000024000000EF040000FFFFFFFFFFFFFFFF3B06
5C41C9B7003FC0B718000000000000000000000000000002006C0100000000B101B006
5C41C9F2007AC0F2230000FFFF000000006E002D010000000000000000B0044C0E1000005000000000000000E506
5C41C9F10079C0F1284D01AF01F0016B013101860131015F0022015F002201050000800080800100000A004919410A00007206
5C41C9A00200002A06
5C41C9F7007FC0F7205000640014003001000022010000B500000000000000000000000000000000009006
5C41C9FC0074C0FC13000000000000000000000000000000000000002F06
5C41C9340100BDC0340100F506
5C0002900092C0901027029502FF03FF03FF03FF03FF03FF03F206
5C0002A0020000A006
5C0002550202752206
5C41C97300FBC07309FD0401000026E72B0FA706
5C41C9ED006
5C0ED1822000000E704000024000000EF040000FFFFFFFFFFFFFFFF3B06
5C41C9B7003FC0B718000000000000000000000000000002006C0100000000B101B006
5C41C9F2007AC0F2230000FFFF000000006E002D010000000000000000B0044C0E1000005000000000000000E506
5C41C9F10079C0F1284D01AF01EF016B013101860131015F0022015F002201050000800080800100000A004919410A00006D06
5C41C9A00200002A06
5C41C9F7007FC0F7205000640014003001000022010000B500000000000000000000000000000000009006
5C41C9FC0074C0FC13000000000000000000000000000000000000002F06
5C41C9340100BDC0340100F506
5C0002900092C0901027029502FF03FF03FF03FF03FF03FF03F206
5C0002A0020000A006
5C00025502025E0906
5C41C97300FBC07309FD0401000026E72B0FA706
5C41C9ED006
5C0ED1822000000E704000024000000EF040000FFFFFFFFFFFFFFFF3B06
5C41C9B7003FC0B718000000000000000000000000000002006C0100000000B101B006
5C41C9F2007AC0F2230000FFFF000000006E002D010000000000000000B0044C0E1000005000000000000000E506
5C41C9F10079C0F1284D01AF01EF016B013101860131015F0022015F002201050000800080800100000A004919410A00006D06
5C41C9A00200002A06
5C41C9F7007FC0F7205000640014003001000022010000B500000000000000000000000000000000009006
5C41C9FC0074C0FC13000000000000000000000000000000000000002F06
5C41C9340100BDC0340100F506
5C0002900092C0901027029502FF03FF03FF03FF03FF03FF03F206
5C0002A0020000A006
5C0002550202005706
5C41C97300FBC07309FD0401000026E72B0FA706
5C41C9ED006
5C0ED1822000000E704000024000000EF040000FFFFFFFFFFFFFFFF3B06
5C41C9B7003FC0B718000000000000000000000000000002006C0100000000B101B006
5C41C9F2007AC0F2230000FFFF000000006E002D010000000000000000B0044C0E1000005000000000000000E506
5C41C9F10079C0F1284D01AF01EF016B013101860131015F0022015F002201050000800080800100000A004919410A00006D06
5C41C9A00200002A06
5C41C9F7007FC0F7205000640014003001000022010000B500000000000000000000000000000000009006
5C41C9FC0074C0FC13000000000000000000000000000000000000002F06
5C41C9340100BDC0340100F506
5C0002900092C0901027029502FF03FF03FF03FF03FF03FF03F206
5C0002A0020000A006
5C00025502025E0906
5C41C97300FBC07309FD0401000026E72B0FA706
5C41C9ED006
5C0ED1822000000E704000024000000EF040000FFFFFFFFFFFFFFFF3B06
5C41C9B7003FC0B718000000000000000000000000000002006C0100000000B101B006
5C41C9F2007AC0F2230000FFFF000000006E002D010000000000000000B0044C0E1000005000000000000000E506
5C41C9F10079C0F1284D01AF01EF016B013101860131015F0022015F002201050000800080800100000A004919410A00006D06
5C41C9A00200002A06
5C41C9F7007FC0F7205000640014003001000022010000B500000000000000000000000000000000009006
5C41C9FC0074C0FC13000000000000000000000000000000000000002F06
5C41C9340100BDC0340100F506
5C0002900092C0901027029502FF03FF03FF03FF03FF03FF03F206