5C0002A0020000A006
5C0002550202752206
5C41C97300FBC07309FD0401000026E72B0FA706
5C41C9ED006
5C0ED1822000000E704000024000000EF040000FFFFFFFFFFFFFFFF3B06
5C41C9B7003FC0B7180000000000000000000000000000020016010000000059012206
5C41C9F2007AC0F2230000FFFF000000006E002D010000000000000000B004BF1010000050000000000000000806
5C41C9F10079C0F1281C014A0151011601C9002301B8004900C3004800C200050000800080060100000A004919410A00004806
5C41C9A00200002A06
5C41C9F7007FC0F720500060001000B8000000C3000000B50000000000000000000000000000000000F906
5C41C9FC0074C0FC13000000000000000000000000000000000000002F06
5C41C9340100BDC0340100F506
5C0002900092C090103202A202FF03FF03FF03FF03FF03FF03D006
5C00206B004B
5C00206B004B
5C00206B004B
5C0020690049
5C0020690049
5C0020690049
5C0002A0020000A006
5C0002550202752206
5C41C97300FBC07309FD0401000026E72B0FA706
5C41C9ED006
5C0ED1822000000E704000024000000EF040000FFFFFFFFFFFFFFFF3B06
5C41C9B7003FC0B7180000000000000000000000000000020016010000000059012206
5C41C9F2007AC0F2230000FFFF000000006E002D010000000000000000B004BF1010000050000000000000000806
5C41C9F10079C0F1281C014A0151011601C9002301B8004900C3004800C200050000800080060100000A004919410A00004806
5C41C9A00200002A3FF00606060606
5C41C9A00200002A06
5C41C9F7007FC0F720500060001000B8000000C3000000B50000000000000000000000000000000000F906
5C41C9FC0074C0FC13000000000000000000000000000000000000002F06
5C41C9340100BDC0340100F506
5C00206E01014E
5C00206E01014E
5C00206E01014E
5C0002900092C090103202A202FF03FF03FF03FF03FF03FF03D006
5C0002A0020000A006
5C0002550202752206
5C41C97300FBC07309FD0401000026E72B0FA706
5C41C9ED006
5C0ED1822000000E704000024000000EF040000FFFFFFFFFFFFFFFF3B06
5C41C9B7003FC0B7180000000000000000000000000000020016010000000059012206
5C41C9F2007AC0F2230000FFFF000000006E002D010000000000000000B004BF1010000050000000000000000806
5C41C9F10079C0F1281C014A0151011601C9002301B8004900C3004800C200050000800080060100000A004919410A00004806
5C41C9A00200002A06
5C41C9F7007FC0F720500060001000B8000000C3000000B50000000000000000000000000000000000F906
5C41C9FC0074C0FC13000000000000000000000000000000000000002F06
5C41C9340100BDC0340100F506
5C0002900092C090103202A202FF03FF03FF03FF03FF03FF03D006
5C0002A0020000A006
5C0002550202752206
5C41C97300FBC07309FD0401000026E72B0FA706
5C41C9ED006
5C0ED1822000000E704000024000000EF040000FFFFFFFFFFFFFFFF3B06
5C41C9B7003FC0B7180000000000000000000000000000020016010000000059012206
5C41C9F2007AC0F2230000FFFF000000006E002D010000000000000000B004BF1010000050000000000000000806
5C41C9F10079C0F1281C014A0151011601C9002301B8004900C3004800C200050000800080060100000A004919410A00004806
5C41C9A00200002A06
5C41C9F7007FC0F720500060001000B8000000C3000000B50000000000000000000000000000000000F906
5C41C9FC0074C0FC13000000000000000000000000000000000000002F06
5C41C9340100BDC0340100F506
5C0002900092C090103302A202FF03FF03FF03FF03FF03FF03D106060606
5C00206B004B
5C00206B004B
5C00206B004B
5C0020690049
5C0020690049
5C0020690049
5C0002A0020000A006
5C0002550202752206
5C41C97300FBC07309FD0401000026E72B0FA706
5C41C9ED006
5C0ED1822000000E704000024000000EF040000FFFFFFFFFFFFFFFF3B06
5C41C9B7003FC0B7180000000000000000000000000000020016010000000059012206
5C41C9F2007AC0F2230000FFFFFC06806E002D010000000000000000B004BF10100000500000000000000088061506
5C41C9F10079C0F1281C014A0151011601C9002301B80049060C1A607880050000800080060100000A004919410A0000480606C5
5C41C9F10079C0F1281C014A0151011601C9002301B8004900C3004800C200050000800080060100000A004919410A00004806
5C41C9A00200002A06
5C41C9F7007FC0F720500060001000B8000000C3000000B50000000000000000000000000000000000F906
5C41C9FC0074C0FC13000000000000000000000000000000000000002F06
5C41C9340100BDC0340100F506
5C00206850FFFF0000FFFF0000FFFF0000FFFF0000FFFF0000FFFF0000FFFF0000FFFF0000FFFF0000FFFF0000FFFF0000FFFF0000FFFF0000FFFF0000FFFF0000FFFF0000FFFF0000FFFF0000FFFF0000FFFF000018
5C00206850FFFF0000FFFF0000FFFF0000FFFF0000FFFF0000FFFF0000FFFF0000FFFF0000FFFF0000FFFF0000FFFF0000FFFF0000FFFF0000FFFF0000FFFF0000FFFF0000FFFF0000FFFF0000FFFF0000FFFF000018
5C00206850FFFF0000FFFF0000FFFF0000FFFF0000FFFF0000FFFF0000FFFF0000FFFF0000FFFF0000FFFF0000FFFF0000FFFF0000FFFF0000FFFF0000FFFF0000FFFF0000FFFF0000FFFF0000FFFF0000FFFF000018
5C0002900092C090103202A202FF03FF03FF03FF03FF03FF03D006
5C0002A0020000A006
5C0002550202752206
5C41C97300FBC07309FD0401000026E72B0FA706
5C41C9ED006
5C0ED1822000000E704000024000000EF040000FFFFFFFFFFFFFFFF3B06
5C41C9B7003FC0B7180000000000000000000000000000020016010000000059012206
5C41C9F2007AC0F2230000FFFF000000006E002D010000000000000000B004BF1010000050000000000000000806
5C41C9F10079C0F1281C014A0151011601C9002301B8004900C3004800C200050000800080060100000A004919410A00004806
5C41C9A00200002A06
5C41C9F7007FC0F720500060001000B8000000C3000000B50000000000000000000000000000000000F906
5C41C9FC0074C0FC13000000000000000000000000000000000000002F06
5C41C9340100BDC0340100F506
5C0002900092C090103202A202FF03FF03FF03FF03FF03FF03D006
5C0002A0020000A006
5C0002550202752206
5C41C97300FBC07309FD0401000026E72B0FA706
5C41C9ED006
5C0ED1822000000E704000024000000EF040000FFFFFFFFFFFFFFFF3B06
5C41C9B7003FC0B7180000000000000000000000000000020016010000000059012206
5C41C9F2007AC0F2230000FFFF000000006E002D010000000000000000B004BF1010000050000000000000000806
5C41C9F10079C0F1281C01490151011601C9002301B8004800C3004800C200050000800080060100000A004919410A00004A06
5C41C9A00200002A06
5C41C9F7007FC0F720500060001000B8000000C3000000B50000000000000000000000000000000000F906
5C41C9FC0074C0FC1300000000000000FC066080000000000000002F
5C41C9FC0074C0FC13000000000000000000000000000000000000002F06
5C41C9340100BDC0340100F506
5C0002900092C090103202A202FF03FF03FF03FF03FF03FF03D006
5C0002A0020000A006
5C0002550202752206
5C41C97300FBC07309FD0401000026E72B0FA706
5C41C9ED006
5C0ED1822000000E704000024000000EF040000FFFFFFFFFFFFFFFF3B06
5C41C9B7003FC0B7180000000000000000000000000000020016010000000059012206
5C41C9F2007AC0F2230000FFFF000000006E002D010000000000000000B004BF1010000050000000000000000806
5C41C9F10079C0F1281C01490151011601C9002301B8004800C3004800C200050000800080060100000A004919410A00004A06
5C41C9A00200002A06
5C41C9F7007FC0F720500060001000B8000000C3000000B50000000000000000000000000000000000F906
5C41C9FC0074C0FC13000000000000000000000000000000000000002F06
5C41C9340100BDC0340100F506
5C0002900092C090103202A202FF03FF03FF03FF03FF03FF03D006
5C00206B004B
5C00206B004B
5C00206B004B
5C0020690049
5C0020690049
5C0020690049
5C0002A0020000A006
5C0002550202752206
5C41C97300FBC07309FD0401000026E72B0FA706
5C41C9ED006
5C0ED1822000000E704000024000000EF040000FFFFFFFFFFFFFFFF3B06
5C41C9B7003FC0B7180000000000000000000000000000020016010000000059012206
5C41C9F2007AC0F2230000FFFF000000006E002D010000000000000000B004BF1010000050000000000000000806
5C41C9F10079C0F1281C01490151011601C9002301B8004800C3004800C200050000800080060100000A004919410A00004A06
5C41C9A00200002A06
5C41C9F700FF06
5C41C9FC0074C0FC130000000000000000000000000000C00606D8F906061506
5C41C9340100BDC0340100F506DC0650FFFF0000FFFF0000FFFF0000FFFF0000FFFF0000FFFF0000FFFF0000FFFF0000FFFF0000FFFF0000FFFF0000FFFF0000FFFF0000FFFF0000FFFF0000FFFF0000FFFF0000FFFF0000FFFF0000FFFF000018
5C00206850FFFF0000FFFF0000FFFF0000FFFF0000FFFF0000FFFF0000FFFF0000FFFF0000FFFF0000FFFF0000FFFF0000FFFF0000FFFF0000FFFF0000FFFF0000FFFF0000FFFF0000FFFF0000FFFF0000FFFF000018
5C00206850FFFF0000FFFF0000FFFF0000FFFF0000FFFF0000FFFF0000FFFF0000FFFF0000FFFF0000FFFF0000FFFF0000FFFF0000FFFF0000FFFF0000FFFF0000FFFF0000FFFF0000FFFF0000FFFF0000FFFF000018
5C0002900092C090103202A202FF03FF03FF03FF03FF03FF03D006
5C0002A0020000A006
5C0002550202752206
5C41C97300FBC07309FD0401000026E72B0FA706
5C41C9ED006
5C0ED1822000000E704000024000000EF040000FFFFFFFFFFFFFFFF3B06
5C41C9B7003FC0B7180000000000000000000000000000020016010000000059012206
5C41C9F2007AC0F2230000FFFF000000006E002D010000000000000000B004BF1010000050000000000000000806
5C41C9F10079C0F1281C01490151011601C9002301B8004800C3004800C200050000800080060100000A004919410A00004A06
5C41C9A00200002A06
5C41C9F7007FC0F720500060001000B8000000C3000000B50000000000000000000000000000000000F906
5C41C9FC0074C0FC13000000000000000000000000000000000000002F06
5C41C9340100BDC0340100F506
5C0002900092C090103202A202FF03FF03FF03FF03FF03FF03D006
5C0002A0020000A006
5C0002550202752206
5C41C97300FBC07309FD0401000026E72B0FA706
5C41C9ED006
5C0ED1822000000E704000024000000EF040000FFFFFFFFFFFFFFFF3B06
5C41C9B7003FC0B7180000000000000000000000000000020016010000000059012206
5C41C9F2007AC0F2230000FFFF000000006E002D010000000000000000B004BF1010000050000000000000000806
5C41C9F10079C0F1281C01490151011601C9002301B8004800C3004800C200050000800080060100000A004919410A00004A06
5C41C9A00200002A06
5C41C9F7007FC0F720500060001000B8000000C3000000B50000000000000000000000000000000000F906
5C41C9FC0074C0FC13000000000000000000000000000000000000002F06
5C41C9340100BDC0340100F506
5C0002900092C090103202A202FF03FF03FF03FF03FF03FF03D006
5C0002A0020000A006
5C0002550202752206
5C41C97300FBC07309FD0401000026E72B0FA706
5C41C9ED006
5C0ED1822000000E704000024000000EF040000FFFFFFFFFFFFFFFF3B06
5C41C9B7003FC0B7180000000000000000000000000000020016010000000059012206
5C41C9F2007AC0F2230000FFFF000000006E002D010000000000000000B004BF1010000050000000000000000806
5C41C9F10079C0F1281C01490151011601C9002301B8004800C3004800C200050000800080060100000A004919410A00004A06
5C41C9A00200002A06
5C41C9F7007FC0F720500060001000B8000000C3000000B50000000000000000000000000000000000F906
5C41C9FC0074C0FC13000000000000000000000000000000000000002F06
5C41C9340100BDC0340100F506
5C0002900092C090103202A202FF03FF03FF03FF03FF03FF03D006
5C00206B004B
5C00206B004B
5C00206B004B
5C0020690049
5C0020690049
5C0020690049
5C0002A0020000A006
5C0002550202752206
5C41C97300FBC07309FD0401000026E72B0FA706
5C41C9ED006
5C0ED1822000000E704000024000000EF040000FFFFFFFFFFFFFFFF3B06
5C41C9B7003FC0B7180000000000000000000000000000020016010000000059012206
5C41C9F2007AC0F2230000FFFF000000006E002D010000000000000000B004BF1010000050000000000000000806
5C41C9F10079C0F1281C01490151011601C9002301B8004800C3004800C200050000800080060100000A004919410A00004A06
5C41C9A00200002A06
5C41C9F7007FC0F720500060001000B8000000C3000000B50000000000000000000000000000000000F906
5C41C9FC0074C0FC13000000000000000000000000000000000000002F06
5C41C9340100BDC0340100F506
5C0002900092C090103202A202FF03FF03FF03FF03FF03FF03D006
5C0002A0020000A006
5C0002550202752206
5C41C9F30606
5C41C9ED006515
5C41C9ED006
5C0ED1822000000E70406061830C01F30C080FFFFFFFFFFFFFFFF3B0606C506
5C41C9B7003FC0B7180000000000000000000000000000020016010000000059012206
5C41C9F2007AC0F2230000FFFF000000006E002D010000000000000000B004BF1010000050000000000000000806
5C41C9F10079C0F1281C01490151011601C9002301B8004800C3004800C200050000800080060100000A004919410A00004A06
5C41C9A00200002A06
5C41C9F7007FC0F720500060001000B8000000C3000000B50000000000000000000000000000000000F906
5C41C9FC0074C0FC13000000000000000000000000000000000000002F06
5C41C9340100BDC0340100F506
5C0002900092C090103202A202FF03FF03FF03FF03FF03FF03D006
5C00206B004B
5C00206B004B
5C00206B004B
5C0020690049
5C0020690049
5C0020690049
5C0002A0020000A006
5C0002550202752206
5C41C97300FBC07309FD0401000026E72B0FA706
5C41C9ED006
5C0ED1822000000E704000024000000EF040000FFFFFFFFFFFFFFFF3B0606
5C41C9B7003FC0B7180000000000000000000000000000020016010006CB2D98E406060606
5C41C9B7003FC0B7180000000000000000000000000000020016010000000059012206
5C41C9F2007AC0F2230000FFFF000000006E002D010000000000000000B004BF1010000050000000000000000806
5C41C9F10079C0F1281C01490151011601C9002301B8004800C3004800C200050000800080060100000A004919410A00004A06
5C41C9A00200002A06
5C41C9F7007FC0F720500060001000B8000000C3000000B50000000000000000000000000000000000F906
5C41C9FC0074C0FC13000000000000000000000000000000000000002F06
5C41C9340100BDC0340100F506
5C0002900092C090103202A202FF03FF03FF03FF03FF03FF03D006
5C0002A0020000A006
5C0002550202752206
5C41C97300FBC07309FD0401000026E72B0FA706
5C41C9ED006
5C0ED1822000000E704000024000000EF040000FFFFFFFFFFFFFFFF3B06
5C41C9B7003FC0B7180000000000000000000000000000020016010000000059012206
5C41C9F2007AC0F2230000FFFF000000006E002D010000000000000000B004BF1010000050000000000000000806
5C41C9F10079C0F1281C01490151011601C9002301B8004800C3004800C200050000800080060100000A004919410A00004A06
5C41C9A00200002A06
5C41C9F7007FC0F720500060001000B8000000C3000000B50000000000000000000000000000000000F906
5C41C9FC0074C0FC13000000000000000000000000000000000000002F06
5C41C9340100BDC0340100F506
5C0002900092C090103202A202FF03FF03FF03FF03FF03FF03D006
5C00206B004B
5C00206B004B
5C00206B004B
5C0020690049
5C0020690049
5C0020690049
5C0002A0020000A006
5C0002550202752206
5C41C97300FBC07309FD0401000026E72B0FA706
5C41C9ED006
5C0ED1822000000E704000024000000EF040000FFFFFFFFFFFFFFFF3B06
5C41C9B7003FC0B7180000000000000000000000000000020016010000000059012206
5C41C9F2007AC0F2230000FFFF000000006E002D010000000000000000B004BF1010000050000000000000000806
5C41C9F10079C0F1281C01490151011601C9002301B8004800C3004800C200050000800080060100000A004919410A00004A06
5C41C9A00200002A06
5C41C9F7007FC0F720500060001000B8000000C3000000B50000000000000000000000000000000000F906
5C41C9FC0074C0FC13000000000000000000000000000000000000002F06
5C41C9340100BDC0340100F506
5C00206E01014E
5C00206E01014E
5C00206E01014E
5C0002900092C090103202A202FF03FF03FF03FF03FF03FF03D006
5C0002A0020000A006
5C0002550202752206
5C41C97300FBC07309FD0401000026E72B0FA706
5C41C9ED006
5C0ED1822000000E704000024000000EF040000FFFFFFFFFFFFFFFF3B06
5C41C9B7003FC0B7180000000000000000000000000000020016010000000059012206
5C41C9F2007AC0F2230000FFFF000000006E002D010000000000000000B004BF1010000050000000000000000806
5C41C9F10079C0F1281C01490151011601C9002301B8004800C3004800C200050000800080060100000A004919410A00004A06
5C41C9A00200002A06
5C41C9F7007FC0F720500060001000B8000000C3000000B50000000000000000000000000000000000F906
5C41C9FC0074C0FC13000000000000000000000000000000000000002F06
5C41C9340100BDC0340100F506
5C0002900092C090103202A202FF03FF03FF03FF03FF03FF03D006
5C0002A0020000A006
5C0002550202752206
5C41C97300FBC07309FD0401000026E72B0FA706
5C41C9ED006
5C0ED1822000000E704000024000000EF040000FFFFFFFFFFFFFFFF3B06
5C41C9B7003FC0B7180000000000000000000000000000020016010000000059012206
5C41C9F2007AC0F2230000FFFF000000006E002D010000000000000000B004BF1010000050000000000000000806
5C41C9F10079C0F1281C01490151011601C9002301B8004800C3004800C200050000800080060100000A004919410A00004A06
5C41C9A00200002A06
5C41C9F7007FC0F720500060001000B8000000C3000000B50000000000000000000000000000000000F906
5C41C9FC0074C0FC13000000000000000000000000000000000000002F06
5C41C9340100BDC0340100F506
5C0002900092C090103202A202FF03FF03FF03FF03FF03FF03D006
5C0002A0020000A006
5C0002550202752206
5C41C97300FBC07309FD0401000026E72B0FA706
5C41C9ED006
5C0ED1822000000E704000024000000EF040000FFFFFFFFFFFFFFFF3B06
5C41C9B7003FC0B7180000000000000000000000000000020016010000000059012206
5C41C9F2007AC0F2230000FFFF000000006E002D010000000000000000B004BF1010000050000000000000000806
5C41C9F10079C0F1281C01490151011601C9002301B8004800C3004800C200050000800080060100000A004919410A00004A06
5C41C9A00200002A06
5C41C9F7007FC0F720500060001000B8000000C3000000B50000000000000000000000000000000000F906
5C41C9FC0074C0FC13000000000000000000000000000000000000002F06
5C41C9340100BDC0340100F506
5C0002900092C090103202A202FF03FF03FF03FF03FF03FF03D006
5C00206B004B
5C00206B004B
5C00206B004B
5C002069004906
5C0002A0020000A006
5C000255020275E206
5C41C97300FBC07309FD0401000026E72B0FA706
5C41C9ED006
5C0ED1822000000E704000024000000EF0400E006FFFFFFFFFF3B
5C41C9ED006
5C0ED1822000000E704000024000000EF040000FFFFFFFFFFFFFFFF3B06
5C41C9B7003FC0B7180000000000000000000000000000020016010000000059012206
5C41C9F2007AC0F2230000FFFF000000006E002D010000000000000000B004BF1010000050000000000000000806
5C41C9F10079C0F1281C01490151011601C9002301B8004800C3004800C200050000800080060100000A004919410A00004A06
5C41C9A00200002A06
5C41C9F7007FC0F720500060001000B8000000C3000000B50000000000000000000000000000000000F906
5C41C9FC0074C0FC13000000000000000000000000000000000000002F06
5C41C9340100BDC0340100F506
5C0002900092C090103202A202FF03FF03FF03FF03FF03FF03D006
5C0002A0020000A006
5C0002550202752206
5C41C97300FBC07309FD0401000026E72B0FA706
5C41C9ED006
5C0ED1822000000E704000024000000EF040000FFFFFFFFFFFFFFFF3B06
5C41C9B7003FC0B7180000000000000000000000000000020016010000000059012206
5C41C9F2007AC0F2230000FFFF000000006E002D010000000000000000B004BF1010000050000000000000000806
5C41C9F10079C0F1281C01490151011601C9002301B8004800C3004800C200050000800080060100000A004919410A00004A06
5C41C9A00200002A06
5C41C9F7007FC0F720500060001000B8000000C3000000B50000000000000000000000000000000000F906
5C41C9FC0074C0FC13000000000000000000000000000000000000002F06
5C41C9340100BDC0340100F506
5C0002900092C090103202A202FF03FF03FF03FF03FF03FF03D006
5C0002A0020000A006
5C0002550202005706
5C41C97300FBC07309FD0401000026E72B0FA706
5C41C9ED006
5C0ED1822000000E704000024000000EF040000FFFFFFFFFFFFFFFF3B06
5C41C9B7003FC0B7180000000000000000000000000000020016010000000059012206
5C41C9F2007AC0F2230000FFFF000000006E002D010000000000000000B004BF1010000050000000000000000806
5C41C9F10079C0F1281C01490151011601C9002301B8004800C3004800C200050000800080060100000A004919410A00004A06
5C41C9A00200002A06
5C41C9F7007FC0F720500060001000B8000000C3000000B50000000000000000000000000000000000F906
5C41C9FC0074C0FC13000000000000000000000000000000000000002F06
5C41C9340100BDC0340100F506
5C0002900092C090103202A202FF03FF03FF03FF03FF03FF03D006
5C0002A0020000A006
5C0002550202005706
5C41C97300FBC07309FD0401000026E72B0FA706
5C41C9ED006
5C0ED1822000000E704000024000000EF040000FFFFFFFFFFFFFFFF3B06
5C41C9B7003FC0B7180000000000000000000000000000020016010000000059012206
5C41C9F2007AC0F2230000FFFF000000006E002D010000000000000000B004BF1010000050000000000000000806
5C41C9F10079C0F1281C01490151011601C9002301B8004800C3004800C200050000800080060100000A004919410A00004A06
5C41C9A00200002A06
5C41C9F7007FC0F720500060001000B8000000C3000000B50000000000000000000000000000000000F906
5C41C9FC0074C0FC13000000000000000000000000000000000000002F06
5C41C9340100BDC0340100F506
5C0002900092C090103202A202FF03FF03FF03FF03FF03FF03D006
5C0002A0020000A006
5C0002550202005706
5C41C97300FBC07309FD0401000026E72B0FA706
5C41C9ED006
5C0ED1822000000E704000024000000EF040000FFFFFFFFFFFFFFFF3B06
5C41C9B7003FC0B7180000000000000000000000000000020017010000000059012306
5C41C9F2007AC0F2230000FFFF000000006E002D010000000000000000B004BF1010000050000000000000000806
5C41C9F10079C0F1281C01490151011601C9002301B8004800C3004800C200050000800080060100000A004919410A00004A06
5C41C9A00200002A06
5C41C9F7007FC0F720500060001000B8000000C3000000B50000000000000000000000000000000000F906
5C41C9FC0074C0FC13000000000000000000000000000000000000002F06
5C41C9340100BDC0340100F506
5C0002900092C090103202A202FF03FF03FF03FF03FF03FF03D006
5C0002A0020000A006
5C00025502025E0906
5C41C97300FBC07309FD0401000026E72B0FA706
5C41C9ED006
5C0ED1822000000E704000024000000EF040000FFFFFFFFFFFFFFFF3B06
5C41C9B7003FC0B7180000000000000000000000000000020016010000000059012206
5C41C9F2007AC0F2230000FFFF000000006E002D010000000000000000B004BF1010000050000000000000000806
5C41C9F10079C0F1281C01490151011601C9002301B8004800C3004800C200050000800080060100000A004919410A00004A06
5C41C9A00200002A06
5C41C9F7007FC0F720500060001000B8000000C3000000B50000000000000000000000000000000000F906
5C41C9FC0074C0FC13000000000000000000000000000000000000002F06
5C41C9340100BDC0340100F506
5C0002900092C090103202A202FF03FF03FF03FF03FF03FF03D006
5C0002A0020000A006
5C0002550202752206
5C41C97300FBC07309FD0401000026E72B0FA706
5C41C9ED006
5C0ED1822000000E704000024000000EF040000FFFFFFFFFFFFFFFF3B06
5C41C9B7003FC0B7180000000000000000000000000000020017010000000059012306
5C41C9F2007AC0F2230000FFFF000000006E002D010000000000000000B004BF1010000050000000000000000806
5C41C9F10079C0F1281C01490151011601C9002301B8004800C3004800C200050000800080060100000A004919410A00004A06
5C41C9A00200002A06
5C41C9F7007FC0F720500060001000B8000000C3000000B50000000000000000000000000000000000F906
5C41C9FC0074C0FC13000000000000000000000000000000000000002F06
5C41C9340100BDC0340100F506
5C0002900092C090103202A202FF03FF03FF03FF03FF03FF03D006
5C0002A0020000A006
5C00025502025E0906
5C41C97300FBC07309FD0401000026E72B0FA706
5C41C9ED006
5C0ED1822000000E704000024000000EF040000FFFFFFFFFFFFFFFF3B06
5C41C9B7003FC0B7180000000000000000000000000000020017010000000059012306
5C41C9F2007AC0F2230000FFFF000000006E002D010000000000000000B004BF1010000050000000000000000806
5C41C9F10079C0F1281C01490151011601C9002301B8004800C3004800C200050000800080060100000A004919410A00004A06
5C41C9A00200002A06
5C41C9F7007FC0F720500060001000B8000000C3000000B50000000000000000000000000000000000F906
5C41C9FC0074C0FC13000000000000000000000000000000000000002F06
5C41C9340100BDC0340100F506
5C0002900092C090103202A202FF03FF03FF03FF03FF03FF03D006
5C0002A0020000A006
5C00025502025E0906
5C41C97300FBC07309FD0401000026E72B0FA706
5C41C9ED006
5C0ED1822000000E704000024000000EF040000FFFFFFFFFFFFFFFF3B06
5C41C9B7003FC0B7180000000000000000000000000000020016010000000059012206
5C41C9F2007AC0F2230000FFFF000000006E002D010000000000000000B004BF1010000050000000000000000806
5C41C9F10079C0F1281C01490151011601C9002301B8004800C3004800C200050000800080060100000A004919410A00004A06
5C41C9A00200002A06
5C41C9F7007FC0F720500060001000B8000000C3000000B50000000000000000000000000000000000F906
5C41C9FC0074C0FC13000000000000000000000000000000000000002F06
5C41C9340100BDC0340100F506
5C0002900092C090103202A202FF03FF03FF03FF03FF03FF03D006